-------------------------------------------------------------------------------
Test set: TestSuite
-------------------------------------------------------------------------------
Tests run: 3, Failures: 1, Errors: 0, Skipped: 0, Time elapsed: 9 s <<< FAILURE! - in TestSuite
createProject(com.RestApi.www.ApiTest)  Time elapsed: 0.127 s  <<< FAILURE!
java.lang.AssertionError: 
1 expectation failed.
Expected status code <201> but was <400>.

	at com.RestApi.www.ApiTest.createProject(ApiTest.java:62)

