<?xml version="1.0" encoding="UTF-8"?>
<testsuite xmlns:xsi="http://www.w3.org/2001/XMLSchema-instance" xsi:noNamespaceSchemaLocation="https://maven.apache.org/surefire/maven-surefire-plugin/xsd/surefire-test-report.xsd" name="TestSuite" time="9" tests="3" errors="0" skipped="0" failures="1">
  <properties>
[...]
</properties>
  <testcase name="createBug" classname="com.RestApi.www.ApiTest" time="3.893"/>
  <testcase name="createProject" classname="com.RestApi.www.ApiTest" time="0.127">
    <failure message="1 expectation failed.&#10;Expected status code &lt;201&gt; but was &lt;400&gt;.&#10;" type="java.lang.AssertionError"><![CDATA[java.lang.AssertionError: 
1 expectation failed.
Expected status code <201> but was <400>.

	at com.RestApi.www.ApiTest.createProject(ApiTest.java:62)
]]></failure>
    <system-out><![CDATA[HTTP/1.1 400 
X-AREQUESTID: 1286x1241x1
X-ASESSIONID: 1e9dv3j
X-ASEN: SEN-L10648432
X-Seraph-LoginReason: OK
Set-Cookie: atlassian.xsrf.token=BERP-ZZOX-KLKD-0Q54|9bf4014c76e3562980dd9226c9472d3fb0f39ac4|lin;path=/
X-AUSERNAME: Imdadul
Cache-Control: no-cache, no-store, no-transform
X-Content-Type-Options: nosniff
Content-Encoding: gzip
Vary: User-Agent
Content-Type: application/json;charset=UTF-8
Transfer-Encoding: chunked
Date: Fri, 17 Nov 2017 02:26:40 GMT
Connection: close

{
    "errorMessages": [
        
    ],
    "errors": {
        "projectName": "A project with that name already exists.",
        "projectKey": "Project 'Alochiyv2' uses this project key."
    }
}
]]></system-out>
  </testcase>
  <testcase name="getAllBugs" classname="com.RestApi.www.ApiTest" time="2.326"/>
</testsuite>